<?xml version="1.0" encoding="UTF-8"?>
<testsuite xmlns:xsi="http://www.w3.org/2001/XMLSchema-instance" xsi:noNamespaceSchemaLocation="https://maven.apache.org/surefire/maven-surefire-plugin/xsd/surefire-test-report.xsd" name="br.unicamp.ic.inf335.app.myProject.ProdutoBeanTest" time="0.021" tests="9" errors="0" skipped="0" failures="0">
  <properties>
    <property name="java.specification.version" value="16"/>
    <property name="sun.jnu.encoding" value="UTF-8"/>
    <property name="java.class.path" value="/home/leonardoarcanjo/eclipse-workspace/myProject/target/test-classes:/home/leonardoarcanjo/eclipse-workspace/myProject/target/classes:/home/leonardoarcanjo/.m2/repository/org/junit/jupiter/junit-jupiter-engine/5.9.2/junit-jupiter-engine-5.9.2.jar:/home/leonardoarcanjo/.m2/repository/org/junit/platform/junit-platform-engine/1.9.2/junit-platform-engine-1.9.2.jar:/home/leonardoarcanjo/.m2/repository/org/opentest4j/opentest4j/1.2.0/opentest4j-1.2.0.jar:/home/leonardoarcanjo/.m2/repository/org/junit/platform/junit-platform-commons/1.9.2/junit-platform-commons-1.9.2.jar:/home/leonardoarcanjo/.m2/repository/org/junit/jupiter/junit-jupiter-api/5.9.2/junit-jupiter-api-5.9.2.jar:/home/leonardoarcanjo/.m2/repository/org/apiguardian/apiguardian-api/1.1.2/apiguardian-api-1.1.2.jar:/home/leonardoarcanjo/.m2/repository/org/junit/jupiter/junit-jupiter-params/5.9.2/junit-jupiter-params-5.9.2.jar:"/>
    <property name="java.vm.vendor" value="Private Build"/>
    <property name="sun.arch.data.model" value="64"/>
    <property name="java.vendor.url" value="Unknown"/>
    <property name="os.name" value="Linux"/>
    <property name="java.vm.specification.version" value="16"/>
    <property name="sun.java.launcher" value="SUN_STANDARD"/>
    <property name="user.country" value="BR"/>
    <property name="sun.boot.library.path" value="/usr/lib/jvm/java-16-openjdk-amd64/lib"/>
    <property name="sun.java.command" value="/home/leonardoarcanjo/eclipse-workspace/myProject/target/surefire/surefirebooter6431645580601851578.jar /home/leonardoarcanjo/eclipse-workspace/myProject/target/surefire 2023-05-03T22-42-21_582-jvmRun1 surefire13707133162441115610tmp surefire_012092052087168283397tmp"/>
    <property name="jdk.debug" value="release"/>
    <property name="surefire.test.class.path" value="/home/leonardoarcanjo/eclipse-workspace/myProject/target/test-classes:/home/leonardoarcanjo/eclipse-workspace/myProject/target/classes:/home/leonardoarcanjo/.m2/repository/org/junit/jupiter/junit-jupiter-engine/5.9.2/junit-jupiter-engine-5.9.2.jar:/home/leonardoarcanjo/.m2/repository/org/junit/platform/junit-platform-engine/1.9.2/junit-platform-engine-1.9.2.jar:/home/leonardoarcanjo/.m2/repository/org/opentest4j/opentest4j/1.2.0/opentest4j-1.2.0.jar:/home/leonardoarcanjo/.m2/repository/org/junit/platform/junit-platform-commons/1.9.2/junit-platform-commons-1.9.2.jar:/home/leonardoarcanjo/.m2/repository/org/junit/jupiter/junit-jupiter-api/5.9.2/junit-jupiter-api-5.9.2.jar:/home/leonardoarcanjo/.m2/repository/org/apiguardian/apiguardian-api/1.1.2/apiguardian-api-1.1.2.jar:/home/leonardoarcanjo/.m2/repository/org/junit/jupiter/junit-jupiter-params/5.9.2/junit-jupiter-params-5.9.2.jar:"/>
    <property name="sun.cpu.endian" value="little"/>
    <property name="user.home" value="/home/leonardoarcanjo"/>
    <property name="user.language" value="pt"/>
    <property name="java.specification.vendor" value="Oracle Corporation"/>
    <property name="java.version.date" value="2021-04-20"/>
    <property name="java.home" value="/usr/lib/jvm/java-16-openjdk-amd64"/>
    <property name="file.separator" value="/"/>
    <property name="style.color" value="always"/>
    <property name="basedir" value="/home/leonardoarcanjo/eclipse-workspace/myProject"/>
    <property name="java.vm.compressedOopsMode" value="Zero based"/>
    <property name="line.separator" value="&#10;"/>
    <property name="java.vm.specification.vendor" value="Oracle Corporation"/>
    <property name="java.specification.name" value="Java Platform API Specification"/>
    <property name="surefire.real.class.path" value="/home/leonardoarcanjo/eclipse-workspace/myProject/target/surefire/surefirebooter6431645580601851578.jar"/>
    <property name="sun.management.compiler" value="HotSpot 64-Bit Tiered Compilers"/>
    <property name="java.runtime.version" value="16.0.1+9-Ubuntu-120.04"/>
    <property name="user.name" value="leonardoarcanjo"/>
    <property name="path.separator" value=":"/>
    <property name="os.version" value="5.4.0-148-generic"/>
    <property name="java.runtime.name" value="OpenJDK Runtime Environment"/>
    <property name="file.encoding" value="UTF-8"/>
    <property name="java.vm.name" value="OpenJDK 64-Bit Server VM"/>
    <property name="localRepository" value="/home/leonardoarcanjo/.m2/repository"/>
    <property name="java.vendor.url.bug" value="Unknown"/>
    <property name="java.io.tmpdir" value="/tmp"/>
    <property name="java.version" value="16.0.1"/>
    <property name="user.dir" value="/home/leonardoarcanjo/eclipse-workspace/myProject"/>
    <property name="os.arch" value="amd64"/>
    <property name="java.vm.specification.name" value="Java Virtual Machine Specification"/>
    <property name="java.library.path" value="/usr/java/packages/lib:/usr/lib/x86_64-linux-gnu/jni:/lib/x86_64-linux-gnu:/usr/lib/x86_64-linux-gnu:/usr/lib/jni:/lib:/usr/lib"/>
    <property name="java.vm.info" value="mixed mode, sharing"/>
    <property name="java.vendor" value="Private Build"/>
    <property name="java.vm.version" value="16.0.1+9-Ubuntu-120.04"/>
    <property name="sun.io.unicode.encoding" value="UnicodeLittle"/>
    <property name="java.class.version" value="60.0"/>
  </properties>
  <testcase name="CompareToMethodValorEqualTest" classname="br.unicamp.ic.inf335.app.myProject.ProdutoBeanTest" time="0"/>
  <testcase name="NomeSetterTest" classname="br.unicamp.ic.inf335.app.myProject.ProdutoBeanTest" time="0"/>
  <testcase name="CompareToMethodValorMinorTest" classname="br.unicamp.ic.inf335.app.myProject.ProdutoBeanTest" time="0"/>
  <testcase name="SerialVersionGetTest" classname="br.unicamp.ic.inf335.app.myProject.ProdutoBeanTest" time="0"/>
  <testcase name="AllSetterTest" classname="br.unicamp.ic.inf335.app.myProject.ProdutoBeanTest" time="0"/>
  <testcase name="CodigoSetterTest" classname="br.unicamp.ic.inf335.app.myProject.ProdutoBeanTest" time="0.003"/>
  <testcase name="CompareToMethodTest" classname="br.unicamp.ic.inf335.app.myProject.ProdutoBeanTest" time="0"/>
  <testcase name="ProductInstanceTest" classname="br.unicamp.ic.inf335.app.myProject.ProdutoBeanTest" time="0.004"/>
  <testcase name="ProductInstanceNoAttributesTest" classname="br.unicamp.ic.inf335.app.myProject.ProdutoBeanTest" time="0.002"/>
</testsuite>